make all --print-data-base --no-builtin-variables --no-builtin-rules --question
# GNU Make 4.2.1
# Built for x86_64-pc-linux-gnu
# Copyright (C) 1988-2016 Free Software Foundation, Inc.
# License GPLv3+: GNU GPL version 3 or later <http://gnu.org/licenses/gpl.html>
# This is free software: you are free to change and redistribute it.
# There is NO WARRANTY, to the extent permitted by law.

# Make data base, printed on Thu Jul 15 17:25:28 2021

# Variables

# 'override' directive
GNUMAKEFLAGS := 
# automatic
<D = $(patsubst %/,%,$(dir $<))
# automatic
?F = $(notdir $?)
# environment
VIRTUALENVWRAPPER_PROJECT_FILENAME = .project
# environment
DESKTOP_SESSION = ubuntu
# default
.SHELLFLAGS := -c
# environment
XDG_SESSION_CLASS = user
# makefile (from 'Makefile', line 4)
SRC = ./src
# environment
XDG_SESSION_TYPE = x11
# environment
VSCODE_LOG_NATIVE = false
# makefile (from 'Makefile', line 5)
TARGET = ./target
# environment
NVM_INC = /home/nickman/.nvm/versions/node/v14.17.3/include/node
# automatic
?D = $(patsubst %/,%,$(dir $?))
# environment
IM_CONFIG_PHASE = 1
# automatic
@D = $(patsubst %/,%,$(dir $@))
# environment
XAUTHORITY = /run/user/1000/gdm/Xauthority
# environment
GDMSESSION = ubuntu
# environment
XMODIFIERS = @im=ibus
# makefile
CURDIR := /home/nickman/Documents/Nickman/60-69 MicroBiz/61 Draft.dev/makefiles
# makefile
SHELL = /bin/sh
# makefile (from 'Makefile', line 9)
RM = rm -rf
# environment
VSCODE_NLS_CONFIG = {"locale":"en-us","availableLanguages":{},"_languagePackSupport":true}
# environment
_ = /usr/share/codium/codium
# makefile (from 'Makefile', line 7)
CFLAGS = -o $(TARGET)/CoinFlipper.out
# environment
JOURNAL_STREAM = 8:44817
# environment
XDG_CONFIG_DIRS = /etc/xdg/xdg-ubuntu:/etc/xdg
# makefile (from 'Makefile', line 1)
MAKEFILE_LIST :=  Makefile
# automatic
 
@F = $(notdir $@)
# makefile (from 'Makefile', line 8)
ARGS = 101
# makefile (from 'Makefile', line 6)
GCC = g++
# environment
GIO_LAUNCHED_DESKTOP_FILE = /usr/share/applications/codium.desktop
# environment
USERNAME = nickman
# environment
MAKELEVEL := 0
# environment
XDG_DATA_DIRS = /usr/share/ubuntu:/usr/local/share/:/usr/share/
# environment
DBUS_SESSION_BUS_ADDRESS = unix:path=/run/user/1000/bus
# environment
VSCODE_VERBOSE_LOGGING = true
# environment
MANAGERPID = 1878
# environment
LESSOPEN = | /usr/bin/lesspipe %s
# environment
LC_NAME = es_CO.UTF-8
# environment
VSCODE_CWD = /home/nickman
# environment
ANDROID_SDK = /home/nickman/.local/share/umake/android/android-studio
# default
MAKE_HOST := x86_64-pc-linux-gnu
# environment
PATH = /home/nickman/.cargo/bin:/home/nickman/.local/share/umake/bin:/home/nickman/.local/bin:/home/nickman/.nvm/versions/node/v14.17.3/bin:/usr/local/cuda/bin:/home/nickman/.sdkman/candidates/grails/current/bin:/home/nickman/.cargo/bin:/home/nickman/.local/share/umake/bin:/home/nickman/.local/bin:/usr/local/sbin:/usr/local/bin:/usr/sbin:/usr/bin:/sbin:/bin:/usr/games:/usr/local/games:/snap/bin
# environment
GPG_AGENT_INFO = /run/user/1000/gnupg/S.gpg-agent:0:1
# environment
GJS_DEBUG_OUTPUT = stderr
# environment
SESSION_MANAGER = local/nickman-asuspro:@/tmp/.ICE-unix/2115,unix/nickman-asuspro:/tmp/.ICE-unix/2115
# environment
XDG_RUNTIME_DIR = /run/user/1000
# environment
VSCODE_HANDLES_UNCAUGHT_ERRORS = true
# environment
SDKMAN_DIR = /home/nickman/.sdkman
# environment
SDKMAN_CANDIDATES_API = https://api.sdkman.io/2
# environment
NVM_BIN = /home/nickman/.nvm/versions/node/v14.17.3/bin
# environment
BREAKPAD_DUMP_LOCATION = /home/nickman/.config/VSCodium/exthost Crash Reports
# environment
VIRTUALENVWRAPPER_PYTHON = /usr/bin/python3
# environment
XDG_MENU_PREFIX = gnome-
# environment
SDKMAN_PLATFORM = Linux64
# environment
VSCODE_LOG_STACK = false
# environment
VSCODE_CRASH_REPORTER_START_OPTIONS = {"companyName":"Microsoft","productName":"VSCodium","submitURL":"","uploadToServer":false}
# environment
INVOCATION_ID = de1ac3d94ae94aec9e8e0102e7e77cde
# environment
ANDROID_HOME = /home/nickman/.local/share/umake/android/android-studio
# default
.FEATURES := target-specific order-only second-expansion else-if shortest-stem undefine oneshell archives jobserver output-sync check-symlink load
# environment
LS_COLORS = 
# environment
VIRTUALENVWRAPPER_HOOK_DIR = /home/nickman/.virtualenvs
# environment
XDG_SESSION_DESKTOP = ubuntu
# environment
SSH_AUTH_SOCK = /run/user/1000/keyring/ssh
# environment
GIO_LAUNCHED_DESKTOP_FILE_PID = 27919
# automatic
%F = $(notdir $%)
# environment
DISPLAY = :1
# environment
VIRTUALENVWRAPPER_VIRTUALENV = /home/nickman/.local/bin/virtualenv
# environment
VSCODE_PIPE_LOGGING = true
# environment
PWD = /home/nickman/Documents/Nickman/60-69 MicroBiz/61 Draft.dev/makefiles
# default
.LOADED := 
# environment
SSH_AGENT_PID = 2073
# environment
ORIGINAL_XDG_CURRENT_DESKTOP = ubuntu:GNOME
# environment
GTK_MODULES = gail:atk-bridge
# environment
VSCODE_AMD_ENTRYPOINT = vs/workbench/services/extensions/node/extensionHostProcess
# environment
HOME = /home/nickman
# environment
LESSCLOSE = /usr/bin/lesspipe %s %s
# environment
LOGNAME = nickman
# environment
APPLICATION_INSIGHTS_NO_DIAGNOSTIC_CHANNEL = true
# environment
NVM_CD_FLAGS = 
# automatic
+F = $(notdir $+)
# environment
WORKON_HOME = /home/nickman/.virtualenvs
# environment
GNOME_DESKTOP_SESSION_ID = this-is-deprecated
# automatic
^D = $(patsubst %/,%,$(dir $^))
# environment
LC_TIME = es_CO.UTF-8
# environment
SDKMAN_VERSION = 5.9.0+555
# default
MAKE = $(MAKE_COMMAND)
# default
MAKECMDGOALS := all
# environment
QT_IM_MODULE = ibus
# environment
SHLVL = 0
# environment
GNOME_SHELL_SESSION_MODE = ubuntu
# environment
VSCODE_IPC_HOOK_EXTHOST = /run/user/1000/vscode-ipc-e30ce753-f034-4b8d-ae5a-b23f0b053a7b.sock
# default
MAKE_VERSION := 4.2.1
# environment
USER = nickman
# environment
LC_MONETARY = es_CO.UTF-8
# makefile
.DEFAULT_GOAL := all
# environment
XDG_CURRENT_DESKTOP = Unity
# automatic
%D = $(patsubst %/,%,$(dir $%))
# environment
LC_TELEPHONE = es_CO.UTF-8
# default
MAKE_COMMAND := make
# environment
VSCODE_NODE_CACHED_DATA_DIR = /home/nickman/.config/VSCodium/CachedData/507ce72a4466fbb27b715c3722558bb15afa9f48
# default
.VARIABLES := 
# automatic
*F = $(notdir $*)
# environment
VSCODE_IPC_HOOK = /run/user/1000/vscode-7df63da1-1.57.1-main.sock
# makefile
MAKEFLAGS = pqrR
# environment
MFLAGS = -pqrR
# automatic
*D = $(patsubst %/,%,$(dir $*))
# environment
NVM_DIR = /home/nickman/.nvm
# automatic
+D = $(patsubst %/,%,$(dir $+))
# environment
GDK_BACKEND = x11
# environment
GRAILS_HOME = /home/nickman/.sdkman/candidates/grails/current
# environment
LC_PAPER = es_CO.UTF-8
# environment
QT_ACCESSIBILITY = 1
# default
MAKEFILES := 
# environment
VIRTUALENVWRAPPER_WORKON_CD = 1
# environment
LC_NUMERIC = es_CO.UTF-8
# automatic
<F = $(notdir $<)
# environment
VIRTUALENVWRAPPER_SCRIPT = /home/nickman/.local/bin/virtualenvwrapper.sh
# environment
ELECTRON_RUN_AS_NODE = 1
# environment
LC_MEASUREMENT = es_CO.UTF-8
# environment
SDKMAN_CANDIDATES_DIR = /home/nickman/.sdkman/candidates
# environment
LC_ALL = C
# environment
GJS_DEBUG_TOPICS = JS ERROR;JS LOG
# automatic
^F = $(notdir $^)
# default
SUFFIXES := 
# environment
CHROME_DESKTOP = codium-url-handler.desktop
# environment
WINDOWPATH = 2
# default
.INCLUDE_DIRS = /usr/include /usr/local/include /usr/include
# environment
LC_IDENTIFICATION = es_CO.UTF-8
# default
.RECIPEPREFIX := 
# environment
LC_ADDRESS = es_CO.UTF-8
# environment
LANG = C
# environment
VSCODE_PID = 27919
# variable set hash-table stats:
# Load=133/1024=13%, Rehash=0, Collisions=22/158=14%

# Pattern-specific Variable Values

# No pattern-specific variable values.

# Directories

# . (device 66310, inode 9588707): 12 files, no impossibilities.

# 12 files, no impossibilities in 1 directories.

# Implicit Rules

# No implicit rules.

# Files

all: clean default test
#  Command line target.
#  Implicit rule search has been done.
#  File does not exist.
#  File has been updated.
#  Successfully updated.

CoinFlipper.cpp:
#  Implicit rule search has not been done.
#  Last modified 2021-07-15 17:16:08.461708578
#  File has been updated.
#  Successfully updated.
#  recipe to execute (from 'Makefile', line 16):
	$(GCC) $(CFLAGS) $(SRC)/main/CoinFlipper.cpp

# Not a target:
Makefile:
#  Implicit rule search has been done.
#  Last modified 2021-07-15 17:25:26.289507047
#  File has been updated.
#  Successfully updated.

test: CoinFlipper.cpp
#  Implicit rule search has not been done.
#  Last modified 2021-07-15 17:16:08.461708578
#  File has been updated.
#  Successfully updated.
#  recipe to execute (from 'Makefile', line 19):
	$(TARGET)/CoinFlipper.out $(ARGS)

default: CoinFlipper.cpp
#  Implicit rule search has been done.
#  File does not exist.
#  File has been updated.
#  Successfully updated.

# Not a target:
.DEFAULT:
#  Implicit rule search has not been done.
#  Modification time never checked.
#  File has not been updated.

clean:
#  Implicit rule search has not been done.
#  Last modified 2021-07-15 17:16:08.461708578
#  File has been updated.
#  Successfully updated.
#  recipe to execute (from 'Makefile', line 22):
	$(RM) $(TARGET)/*.out

# files hash-table stats:
# Load=8/1024=1%, Rehash=0, Collisions=0/28=0%
# VPATH Search Paths

# No 'vpath' search paths.

# No general ('VPATH' variable) search path.

# strcache buffers: 1 (0) / strings = 18 / storage = 149 B / avg = 8 B
# current buf: size = 8162 B / used = 149 B / count = 18 / avg = 8 B

# strcache performance: lookups = 36 / hit rate = 50%
# hash-table stats:
# Load=18/8192=0%, Rehash=0, Collisions=1/36=3%
# Finished Make data base on Thu Jul 15 17:25:28 2021

 
